{"numTotalTestSuites":98,"numPassedTestSuites":94,"numFailedTestSuites":4,"numPendingTestSuites":0,"numTotalTests":197,"numPassedTests":194,"numFailedTests":3,"numPendingTests":0,"numTodoTests":0,"snapshot":{"added":0,"failure":false,"filesAdded":0,"filesRemoved":0,"filesRemovedList":[],"filesUnmatched":0,"filesUpdated":0,"matched":0,"total":0,"unchecked":0,"uncheckedKeysByFile":[],"unmatched":0,"updated":0,"didUpdate":false},"startTime":1777310245970,"success":false,"testResults":[{"assertionResults":[{"ancestorTitles":["packager-ts (TypeScript generator)","declaration outputs"],"fullName":"packager-ts (TypeScript generator) declaration outputs emits .reference-ui/react/react.d.mts","status":"passed","title":"emits .reference-ui/react/react.d.mts","duration":1.0102970000000369,"failureMessages":[],"meta":{}},{"ancestorTitles":["packager-ts (TypeScript generator)","declaration outputs"],"fullName":"packager-ts (TypeScript generator) declaration outputs emits .reference-ui/system/system.d.mts","status":"passed","title":"emits .reference-ui/system/system.d.mts","duration":0.2059199999999919,"failureMessages":[],"meta":{}},{"ancestorTitles":["packager-ts (TypeScript generator)","package.json types field"],"fullName":"packager-ts (TypeScript generator) package.json types field react package.json has types pointing to react.d.mts","status":"passed","title":"react package.json has types pointing to react.d.mts","duration":1.8261499999999842,"failureMessages":[],"meta":{}},{"ancestorTitles":["packager-ts (TypeScript generator)","package.json types field"],"fullName":"packager-ts (TypeScript generator) package.json types field system package.json has types pointing to system.d.mts","status":"passed","title":"system package.json has types pointing to system.d.mts","duration":0.5304540000000202,"failureMessages":[],"meta":{}},{"ancestorTitles":["packager-ts (TypeScript generator)","react declaration content"],"fullName":"packager-ts (TypeScript generator) react declaration content react.d.mts remains a stable root barrel for the emitted declaration graph","status":"passed","title":"react.d.mts remains a stable root barrel for the emitted declaration graph","duration":1.1595609999999965,"failureMessages":[],"meta":{}}],"startTime":1777310250319,"endTime":1777310250324.1597,"status":"passed","message":"","name":"/Users/ryn/Developer/reference-ui/packages/reference-unit/tests/packager-ts.test.ts"},{"assertionResults":[{"ancestorTitles":["ref sync"],"fullName":"ref sync creates .reference-ui/react with package.json and react.mjs","status":"passed","title":"creates .reference-ui/react with package.json and react.mjs","duration":1.2647840000000201,"failureMessages":[],"meta":{}},{"ancestorTitles":["ref sync"],"fullName":"ref sync creates .reference-ui/styled with package.json (css/patterns when Panda succeeds)","status":"passed","title":"creates .reference-ui/styled with package.json (css/patterns when Panda succeeds)","duration":0.33502800000002253,"failureMessages":[],"meta":{}},{"ancestorTitles":["ref sync"],"fullName":"ref sync keeps runtime styles.css in layered form when reference-unit includes layers","status":"passed","title":"keeps runtime styles.css in layered form when reference-unit includes layers","duration":0.5769500000000107,"failureMessages":[],"meta":{}},{"ancestorTitles":["ref sync"],"fullName":"ref sync creates .reference-ui/system with package.json and system.mjs","status":"passed","title":"creates .reference-ui/system with package.json and system.mjs","duration":0.2698609999999917,"failureMessages":[],"meta":{}},{"ancestorTitles":["ref sync"],"fullName":"ref sync emits baseSystem.mjs with portable css for layers consumers","status":"passed","title":"emits baseSystem.mjs with portable css for layers consumers","duration":141.94290999999993,"failureMessages":[],"meta":{}},{"ancestorTitles":["ref sync"],"fullName":"ref sync writes resolved jsx-elements metadata for configured custom JSX components","status":"passed","title":"writes resolved jsx-elements metadata for configured custom JSX components","duration":0.5883010000000013,"failureMessages":[],"meta":{}},{"ancestorTitles":["ref sync"],"fullName":"ref sync creates .reference-ui/virtual with copied source files","status":"passed","title":"creates .reference-ui/virtual with copied source files","duration":0.9759940000000142,"failureMessages":[],"meta":{}}],"startTime":1777310250267,"endTime":1777310250412.976,"status":"passed","message":"","name":"/Users/ryn/Developer/reference-ui/packages/reference-unit/tests/ref-sync.test.ts"},{"assertionResults":[{"ancestorTitles":["consumer token resolution in light mode"],"fullName":"consumer token resolution in light mode consumer primitives resolve extended library color-mode tokens in light mode","status":"passed","title":"consumer primitives resolve extended library color-mode tokens in light mode","duration":14.702391000000034,"failureMessages":[],"meta":{}},{"ancestorTitles":["consumer token resolution in light mode"],"fullName":"consumer token resolution in light mode consumer primitives resolve layered public color-mode tokens in light mode","status":"passed","title":"consumer primitives resolve layered public color-mode tokens in light mode","duration":2.181475999999975,"failureMessages":[],"meta":{}},{"ancestorTitles":["consumer token resolution in light mode"],"fullName":"consumer token resolution in light mode consumer primitives resolve root color-mode tokens in light mode","status":"passed","title":"consumer primitives resolve root color-mode tokens in light mode","duration":2.0229440000000523,"failureMessages":[],"meta":{}},{"ancestorTitles":["ancestor theme wrappers"],"fullName":"ancestor theme wrappers ancestor theme wrapper flips extended library tokens to dark","status":"passed","title":"ancestor theme wrapper flips extended library tokens to dark","duration":2.6458529999999882,"failureMessages":[],"meta":{}},{"ancestorTitles":["ancestor theme wrappers"],"fullName":"ancestor theme wrappers ancestor theme wrapper flips layered public tokens to dark","status":"passed","title":"ancestor theme wrapper flips layered public tokens to dark","duration":1.8623520000001008,"failureMessages":[],"meta":{}},{"ancestorTitles":["ancestor theme wrappers"],"fullName":"ancestor theme wrappers ancestor theme wrapper flips root color-mode tokens to dark","status":"passed","title":"ancestor theme wrapper flips root color-mode tokens to dark","duration":1.5171090000001186,"failureMessages":[],"meta":{}},{"ancestorTitles":["ancestor theme wrappers"],"fullName":"ancestor theme wrappers ancestor dark theme preserves large typography utility props on consumer primitives","status":"passed","title":"ancestor dark theme preserves large typography utility props on consumer primitives","duration":1.970145999999886,"failureMessages":[],"meta":{}},{"ancestorTitles":["authored host scopes"],"fullName":"authored host scopes nested dark colorMode creates a dark island inside a light theme scope","status":"passed","title":"nested dark colorMode creates a dark island inside a light theme scope","duration":2.576864000000114,"failureMessages":[],"meta":{}},{"ancestorTitles":["authored host scopes"],"fullName":"authored host scopes docs-style explicit light preview should create a light island inside a dark theme scope","status":"passed","title":"docs-style explicit light preview should create a light island inside a dark theme scope","duration":2.0517580000000635,"failureMessages":[],"meta":{}},{"ancestorTitles":["authored host scopes"],"fullName":"authored host scopes docs-style dark preview should create a dark island inside a light theme scope","status":"passed","title":"docs-style dark preview should create a dark island inside a light theme scope","duration":2.0670769999999266,"failureMessages":[],"meta":{}},{"ancestorTitles":["descendant cascade"],"fullName":"descendant cascade nested descendants follow the nearest explicit light or dark scope","status":"passed","title":"nested descendants follow the nearest explicit light or dark scope","duration":2.4375860000000102,"failureMessages":[],"meta":{}},{"ancestorTitles":["descendant cascade"],"fullName":"descendant cascade extended public tokens cascade to descendants inside explicit light and dark scopes","status":"passed","title":"extended public tokens cascade to descendants inside explicit light and dark scopes","duration":2.5583939999999075,"failureMessages":[],"meta":{}},{"ancestorTitles":["descendant cascade"],"fullName":"descendant cascade layered public tokens cascade to descendants inside explicit light and dark scopes","status":"passed","title":"layered public tokens cascade to descendants inside explicit light and dark scopes","duration":2.405922000000146,"failureMessages":[],"meta":{}},{"ancestorTitles":["descendant cascade"],"fullName":"descendant cascade sibling light and dark descendant islands stay independent under one dark ancestor","status":"passed","title":"sibling light and dark descendant islands stay independent under one dark ancestor","duration":3.767795999999862,"failureMessages":[],"meta":{}},{"ancestorTitles":["authored host scopes with utility props"],"fullName":"authored host scopes with utility props node-level dark mode preserves large typography utility props with extended tokens","status":"passed","title":"node-level dark mode preserves large typography utility props with extended tokens","duration":1.1598099999998794,"failureMessages":[],"meta":{}}],"startTime":1777310251751,"endTime":1777310251797.16,"status":"passed","message":"","name":"/Users/ryn/Developer/reference-ui/packages/reference-unit/tests/color-mode/data-prop.test.tsx"},{"assertionResults":[{"ancestorTitles":["extend-library demo layout (inlined)"],"fullName":"extend-library demo layout (inlined) light panel resolves extended library tokens","status":"passed","title":"light panel resolves extended library tokens","duration":16.94427799999994,"failureMessages":[],"meta":{}},{"ancestorTitles":["extend-library demo layout (inlined)"],"fullName":"extend-library demo layout (inlined) dark panel resolves extended library dark overrides on the authored node","status":"passed","title":"dark panel resolves extended library dark overrides on the authored node","duration":2.6669949999998153,"failureMessages":[],"meta":{}},{"ancestorTitles":["extend-library demo layout (inlined)"],"fullName":"extend-library demo layout (inlined) extended tokens can coexist with large typography utility props on a dark authored node","status":"passed","title":"extended tokens can coexist with large typography utility props on a dark authored node","duration":2.617543000000069,"failureMessages":[],"meta":{}}],"startTime":1777310251726,"endTime":1777310251748.6174,"status":"passed","message":"","name":"/Users/ryn/Developer/reference-ui/packages/reference-unit/tests/extends/component.test.tsx"},{"assertionResults":[{"ancestorTitles":["extends baseSystem from fixture library"],"fullName":"extends baseSystem from fixture library consumer primitive resolves extended background token by name","status":"passed","title":"consumer primitive resolves extended background token by name","duration":14.524202999999943,"failureMessages":[],"meta":{}},{"ancestorTitles":["extends baseSystem from fixture library"],"fullName":"extends baseSystem from fixture library consumer primitive resolves extended accent token by name","status":"passed","title":"consumer primitive resolves extended accent token by name","duration":2.1218220000000656,"failureMessages":[],"meta":{}},{"ancestorTitles":["extends baseSystem from fixture library"],"fullName":"extends baseSystem from fixture library consumer primitive resolves extended public color tokens in light mode","status":"passed","title":"consumer primitive resolves extended public color tokens in light mode","duration":1.8489939999999478,"failureMessages":[],"meta":{}},{"ancestorTitles":["extends baseSystem from fixture library"],"fullName":"extends baseSystem from fixture library consumer stylesheet emits typography utility classes used alongside extended color-mode tokens","status":"passed","title":"consumer stylesheet emits typography utility classes used alongside extended color-mode tokens","duration":0.30500400000005357,"failureMessages":[],"meta":{}}],"startTime":1777310251726,"endTime":1777310251745.305,"status":"passed","message":"","name":"/Users/ryn/Developer/reference-ui/packages/reference-unit/tests/extends/tokens.test.tsx"},{"assertionResults":[{"ancestorTitles":["LightDarkDemo (layer-library)"],"fullName":"LightDarkDemo (layer-library) light panel resolves layered public tokens","status":"passed","title":"light panel resolves layered public tokens","duration":16.826377000000093,"failureMessages":[],"meta":{}},{"ancestorTitles":["LightDarkDemo (layer-library)"],"fullName":"LightDarkDemo (layer-library) dark panel resolves layered public dark overrides on the authored node","status":"passed","title":"dark panel resolves layered public dark overrides on the authored node","duration":2.7518850000001294,"failureMessages":[],"meta":{}},{"ancestorTitles":["LightDarkDemo (layer-library)"],"fullName":"LightDarkDemo (layer-library) layered public tokens can coexist with large typography utility props on a dark authored node","status":"passed","title":"layered public tokens can coexist with large typography utility props on a dark authored node","duration":3.017045000000053,"failureMessages":[],"meta":{}}],"startTime":1777310251501,"endTime":1777310251523.017,"status":"passed","message":"","name":"/Users/ryn/Developer/reference-ui/packages/reference-unit/tests/layers/component.test.tsx"},{"assertionResults":[{"ancestorTitles":["layer-private token isolation"],"fullName":"layer-private token isolation consumer primitive does not resolve a guessed private layer token by name","status":"passed","title":"consumer primitive does not resolve a guessed private layer token by name","duration":13.621358999999984,"failureMessages":[],"meta":{}},{"ancestorTitles":["layer-authored markup keeps access to private tokens"],"fullName":"layer-authored markup keeps access to private tokens layered component resolves its own private token when library CSS is loaded","status":"passed","title":"layered component resolves its own private token when library CSS is loaded","duration":5.903659999999945,"failureMessages":[],"meta":{}},{"ancestorTitles":["layered public tokens available to consumer primitives"],"fullName":"layered public tokens available to consumer primitives consumer primitive resolves layered public background and text tokens in light mode","status":"passed","title":"consumer primitive resolves layered public background and text tokens in light mode","duration":2.085927999999967,"failureMessages":[],"meta":{}},{"ancestorTitles":["layered public tokens available to consumer primitives"],"fullName":"layered public tokens available to consumer primitives consumer stylesheet emits typography utility classes used alongside layered color-mode tokens","status":"passed","title":"consumer stylesheet emits typography utility classes used alongside layered color-mode tokens","duration":0.3302139999998417,"failureMessages":[],"meta":{}}],"startTime":1777310251504,"endTime":1777310251525.3303,"status":"passed","message":"","name":"/Users/ryn/Developer/reference-ui/packages/reference-unit/tests/layers/tokens.test.tsx"},{"assertionResults":[{"ancestorTitles":["flattenCssCascadeLayersForTests"],"fullName":"flattenCssCascadeLayersForTests removes @layer prelude statements","status":"passed","title":"removes @layer prelude statements","duration":1.1993160000000103,"failureMessages":[],"meta":{}},{"ancestorTitles":["flattenCssCascadeLayersForTests"],"fullName":"flattenCssCascadeLayersForTests unwraps nested @layer blocks so rules are not inside @layer","status":"passed","title":"unwraps nested @layer blocks so rules are not inside @layer","duration":0.39854099999996606,"failureMessages":[],"meta":{}}],"startTime":1777310250773,"endTime":1777310250775.3984,"status":"passed","message":"","name":"/Users/ryn/Developer/reference-ui/packages/reference-unit/tests/primitives/css-flatten-layers.test.ts"},{"assertionResults":[{"ancestorTitles":["Custom props (font, weight, container, r, size)","Font prop"],"fullName":"Custom props (font, weight, container, r, size) Font prop applies sans font preset - verifies className is set","status":"passed","title":"applies sans font preset - verifies className is set","duration":10.658124000000043,"failureMessages":[],"meta":{}},{"ancestorTitles":["Custom props (font, weight, container, r, size)","Font prop"],"fullName":"Custom props (font, weight, container, r, size) Font prop applies mono font preset - verifies className is set","status":"passed","title":"applies mono font preset - verifies className is set","duration":1.5121789999998327,"failureMessages":[],"meta":{}},{"ancestorTitles":["Custom props (font, weight, container, r, size)","Font prop"],"fullName":"Custom props (font, weight, container, r, size) Font prop applies weight tokens - verifies className is set","status":"passed","title":"applies weight tokens - verifies className is set","duration":1.3250859999998283,"failureMessages":[],"meta":{}},{"ancestorTitles":["Custom props (font, weight, container, r, size)","Container prop"],"fullName":"Custom props (font, weight, container, r, size) Container prop applies container-type when container is true","status":"passed","title":"applies container-type when container is true","duration":6.619563000000198,"failureMessages":[],"meta":{}},{"ancestorTitles":["Custom props (font, weight, container, r, size)","Container prop"],"fullName":"Custom props (font, weight, container, r, size) Container prop applies container-name when container is a string","status":"passed","title":"applies container-name when container is a string","duration":1.3035460000000967,"failureMessages":[],"meta":{}},{"ancestorTitles":["Custom props (font, weight, container, r, size)","Responsive prop (r)"],"fullName":"Custom props (font, weight, container, r, size) Responsive prop (r) applies responsive styles at breakpoints","status":"passed","title":"applies responsive styles at breakpoints","duration":0.8601420000002236,"failureMessages":[],"meta":{}},{"ancestorTitles":["Custom props (font, weight, container, r, size)","Responsive prop (r)"],"fullName":"Custom props (font, weight, container, r, size) Responsive prop (r) works with named containers","status":"passed","title":"works with named containers","duration":1.8027130000000398,"failureMessages":[],"meta":{}},{"ancestorTitles":["Custom props (font, weight, container, r, size)","Size prop"],"fullName":"Custom props (font, weight, container, r, size) Size prop expands size into width and height classes","status":"passed","title":"expands size into width and height classes","duration":0.8317399999998543,"failureMessages":[],"meta":{}},{"ancestorTitles":["Custom props (font, weight, container, r, size)","Size prop"],"fullName":"Custom props (font, weight, container, r, size) Size prop applies equal width and height when design system CSS is present","status":"passed","title":"applies equal width and height when design system CSS is present","duration":1.0846529999998893,"failureMessages":[],"meta":{}},{"ancestorTitles":["Custom props (font, weight, container, r, size)","Combined props"],"fullName":"Custom props (font, weight, container, r, size) Combined props applies multiple custom props together - verifies className is set","status":"passed","title":"applies multiple custom props together - verifies className is set","duration":1.4205369999999675,"failureMessages":[],"meta":{}},{"ancestorTitles":["Custom props (font, weight, container, r, size)","Combined props"],"fullName":"Custom props (font, weight, container, r, size) Combined props works alongside standard Panda props - verifies className is set","status":"passed","title":"works alongside standard Panda props - verifies className is set","duration":0.6886729999998806,"failureMessages":[],"meta":{}}],"startTime":1777310251164,"endTime":1777310251192.6887,"status":"passed","message":"","name":"/Users/ryn/Developer/reference-ui/packages/reference-unit/tests/primitives/customProps.test.tsx"},{"assertionResults":[{"ancestorTitles":["Div primitive"],"fullName":"Div primitive renders as a div with children","status":"passed","title":"renders as a div with children","duration":10.855127999999922,"failureMessages":[],"meta":{}},{"ancestorTitles":["Div primitive"],"fullName":"Div primitive sets data-layer from ui.config.name (automatic layer identity)","status":"passed","title":"sets data-layer from ui.config.name (automatic layer identity)","duration":1.7355340000001434,"failureMessages":[],"meta":{}},{"ancestorTitles":["Div primitive"],"fullName":"Div primitive accepts style props and renders in the document","status":"passed","title":"accepts style props and renders in the document","duration":2.3784200000000055,"failureMessages":[],"meta":{}},{"ancestorTitles":["Div primitive"],"fullName":"Div primitive resolves computed styles when design system CSS is injected","status":"passed","title":"resolves computed styles when design system CSS is injected","duration":7.550649000000021,"failureMessages":[],"meta":{}},{"ancestorTitles":["Div primitive"],"fullName":"Div primitive applies token-based style props when design system CSS is present","status":"passed","title":"applies token-based style props when design system CSS is present","duration":1.9663920000000417,"failureMessages":[],"meta":{}},{"ancestorTitles":["Div primitive"],"fullName":"Div primitive composes the css prop into classes instead of leaking it to the DOM","status":"passed","title":"composes the css prop into classes instead of leaking it to the DOM","duration":2.189161000000013,"failureMessages":[],"meta":{}}],"startTime":1777310251177,"endTime":1777310251204.1892,"status":"passed","message":"","name":"/Users/ryn/Developer/reference-ui/packages/reference-unit/tests/primitives/div.test.tsx"},{"assertionResults":[{"ancestorTitles":["font + weight (computed styles)"],"fullName":"font + weight (computed styles) resolves sans preset to Inter stack and default recipe weight 400","status":"passed","title":"resolves sans preset to Inter stack and default recipe weight 400","duration":18.192072000000053,"failureMessages":[],"meta":{}},{"ancestorTitles":["font + weight (computed styles)"],"fullName":"font + weight (computed styles) resolves weight shorthand bold to 700","status":"passed","title":"resolves weight shorthand bold to 700","duration":3.575514999999996,"failureMessages":[],"meta":{}},{"ancestorTitles":["font + weight (computed styles)"],"fullName":"font + weight (computed styles) resolves compound token sans.bold to 700","status":"passed","title":"resolves compound token sans.bold to 700","duration":3.273158000000194,"failureMessages":[],"meta":{}},{"ancestorTitles":["font + weight (computed styles)"],"fullName":"font + weight (computed styles) applies font-level css letterSpacing from font()","status":"passed","title":"applies font-level css letterSpacing from font()","duration":2.537305999999944,"failureMessages":[],"meta":{}}],"startTime":1777310251178,"endTime":1777310251206.5374,"status":"passed","message":"","name":"/Users/ryn/Developer/reference-ui/packages/reference-unit/tests/primitives/fontComputedStyle.test.tsx"},{"assertionResults":[{"ancestorTitles":["recipe runtime"],"fullName":"recipe runtime emits selectors for source-backed recipe fixtures","status":"failed","title":"emits selectors for source-backed recipe fixtures","duration":4.970540000000028,"failureMessages":["AssertionError: expected '@layer extend-library, layer-library,…' to contain '.px_5r'\n    at /Users/ryn/Developer/reference-ui/packages/reference-unit/tests/primitives/recipe.test.tsx:24:17\n    at file:///Users/ryn/Developer/reference-ui/node_modules/.pnpm/@vitest+runner@4.0.18/node_modules/@vitest/runner/dist/index.js:145:11\n    at file:///Users/ryn/Developer/reference-ui/node_modules/.pnpm/@vitest+runner@4.0.18/node_modules/@vitest/runner/dist/index.js:915:26\n    at file:///Users/ryn/Developer/reference-ui/node_modules/.pnpm/@vitest+runner@4.0.18/node_modules/@vitest/runner/dist/index.js:1243:20\n    at new Promise (<anonymous>)\n    at runWithTimeout (file:///Users/ryn/Developer/reference-ui/node_modules/.pnpm/@vitest+runner@4.0.18/node_modules/@vitest/runner/dist/index.js:1209:10)\n    at file:///Users/ryn/Developer/reference-ui/node_modules/.pnpm/@vitest+runner@4.0.18/node_modules/@vitest/runner/dist/index.js:1653:37\n    at Traces.$ (file:///Users/ryn/Developer/reference-ui/node_modules/.pnpm/vitest@4.0.18_@opentelemetry+api@1.9.1_@types+node@25.1.0_happy-dom@15.11.7_lightningcss@1.32.0_tsx@4.21.0_yaml@2.8.2/node_modules/vitest/dist/chunks/traces.CCmnQaNT.js:142:27)\n    at trace (file:///Users/ryn/Developer/reference-ui/node_modules/.pnpm/vitest@4.0.18_@opentelemetry+api@1.9.1_@types+node@25.1.0_happy-dom@15.11.7_lightningcss@1.32.0_tsx@4.21.0_yaml@2.8.2/node_modules/vitest/dist/chunks/test.B8ej_ZHS.js:239:21)\n    at runTest (file:///Users/ryn/Developer/reference-ui/node_modules/.pnpm/@vitest+runner@4.0.18/node_modules/@vitest/runner/dist/index.js:1653:12)"],"meta":{}},{"ancestorTitles":["recipe runtime"],"fullName":"recipe runtime applies default variants when no props are passed","status":"passed","title":"applies default variants when no props are passed","duration":10.190140000000156,"failureMessages":[],"meta":{}},{"ancestorTitles":["recipe runtime"],"fullName":"recipe runtime applies explicit and compound variants at runtime","status":"passed","title":"applies explicit and compound variants at runtime","duration":1.919055999999955,"failureMessages":[],"meta":{}},{"ancestorTitles":["recipe runtime"],"fullName":"recipe runtime supports non-default variants without leaking recipe config to the DOM","status":"passed","title":"supports non-default variants without leaking recipe config to the DOM","duration":1.2847819999999501,"failureMessages":[],"meta":{}}],"startTime":1777310251164,"endTime":1777310251182.2847,"status":"failed","message":"","name":"/Users/ryn/Developer/reference-ui/packages/reference-unit/tests/primitives/recipe.test.tsx"},{"assertionResults":[{"ancestorTitles":["Reference component"],"fullName":"Reference component loads symbol metadata from the generated Tasty manifest at runtime","status":"passed","title":"loads symbol metadata from the generated Tasty manifest at runtime","duration":65.71898099999999,"failureMessages":[],"meta":{}},{"ancestorTitles":["Reference component"],"fullName":"Reference component renders the generated public StyleProps symbol","status":"passed","title":"renders the generated public StyleProps symbol","duration":642.7335459999999,"failureMessages":[],"meta":{}},{"ancestorTitles":["Reference component"],"fullName":"Reference component renders inherited StyleProps members for interfaces that extend StyleProps","status":"passed","title":"renders inherited StyleProps members for interfaces that extend StyleProps","duration":23.990732999999636,"failureMessages":[],"meta":{}},{"ancestorTitles":["Reference component"],"fullName":"Reference component groups referenced type-alias members as inherited sections","status":"passed","title":"groups referenced type-alias members as inherited sections","duration":15.342384999999922,"failureMessages":[],"meta":{}},{"ancestorTitles":["Reference component"],"fullName":"Reference component renders the richer docs reference fixture with defaults, callbacks, and derived types","status":"passed","title":"renders the richer docs reference fixture with defaults, callbacks, and derived types","duration":39.44751200000019,"failureMessages":[],"meta":{}},{"ancestorTitles":["Reference component"],"fullName":"Reference component renders type alias fixtures so resolution-focused scenarios are testable in isolation","status":"passed","title":"renders type alias fixtures so resolution-focused scenarios are testable in isolation","duration":7.072618999999577,"failureMessages":[],"meta":{}},{"ancestorTitles":["Reference component"],"fullName":"Reference component renders projected members for composed type aliases in the reference UI","status":"passed","title":"renders projected members for composed type aliases in the reference UI","duration":15.517824000000019,"failureMessages":[],"meta":{}},{"ancestorTitles":["Reference component"],"fullName":"Reference component renders keyof typeof aliases as resolved literal unions when tasty emits them","status":"passed","title":"renders keyof typeof aliases as resolved literal unions when tasty emits them","duration":3.879621000000043,"failureMessages":[],"meta":{}},{"ancestorTitles":["Reference component"],"fullName":"Reference component renders inherited members with origin labels","status":"passed","title":"renders inherited members with origin labels","duration":17.223861000000397,"failureMessages":[],"meta":{}},{"ancestorTitles":["Reference component"],"fullName":"Reference component renders generic interface headers with constraints and defaults","status":"passed","title":"renders generic interface headers with constraints and defaults","duration":6.764310000000023,"failureMessages":[],"meta":{}},{"ancestorTitles":["Reference component"],"fullName":"Reference component renders tuple aliases with their element labels instead of placeholder text","status":"passed","title":"renders tuple aliases with their element labels instead of placeholder text","duration":3.502248999999665,"failureMessages":[],"meta":{}},{"ancestorTitles":["Reference component"],"fullName":"Reference component renders mapped aliases with the full mapped expression","status":"passed","title":"renders mapped aliases with the full mapped expression","duration":3.786351000000195,"failureMessages":[],"meta":{}},{"ancestorTitles":["Reference component"],"fullName":"Reference component renders template literal aliases as resolved literal unions when tasty emits them","status":"passed","title":"renders template literal aliases as resolved literal unions when tasty emits them","duration":3.340726999999788,"failureMessages":[],"meta":{}},{"ancestorTitles":["Reference component"],"fullName":"Reference component renders tuple-derived indexed access aliases as resolved literal unions","status":"passed","title":"renders tuple-derived indexed access aliases as resolved literal unions","duration":3.4377809999996316,"failureMessages":[],"meta":{}},{"ancestorTitles":["Reference component"],"fullName":"Reference component renders object-like aliases as member tables when projection exists","status":"passed","title":"renders object-like aliases as member tables when projection exists","duration":4.061416999999892,"failureMessages":[],"meta":{}},{"ancestorTitles":["Reference component"],"fullName":"Reference component renders intersection aliases as the final member surface when projection exists","status":"passed","title":"renders intersection aliases as the final member surface when projection exists","duration":14.63215799999989,"failureMessages":[],"meta":{}},{"ancestorTitles":["Reference component"],"fullName":"Reference component renders discriminated union aliases with their object branches","status":"passed","title":"renders discriminated union aliases with their object branches","duration":6.31695099999979,"failureMessages":[],"meta":{}},{"ancestorTitles":["Reference component"],"fullName":"Reference component renders concrete conditional aliases as resolved unions when tasty emits them","status":"passed","title":"renders concrete conditional aliases as resolved unions when tasty emits them","duration":3.451952999999776,"failureMessages":[],"meta":{}},{"ancestorTitles":["Reference component"],"fullName":"Reference component renders typeof aliases as member tables when the resolved shape is object-like","status":"passed","title":"renders typeof aliases as member tables when the resolved shape is object-like","duration":4.395505999999841,"failureMessages":[],"meta":{}},{"ancestorTitles":["Reference component"],"fullName":"Reference component renders tuple-derived template literal aliases as resolved literal unions","status":"passed","title":"renders tuple-derived template literal aliases as resolved literal unions","duration":3.7315119999998387,"failureMessages":[],"meta":{}},{"ancestorTitles":["Reference component"],"fullName":"Reference component keeps direct alias boundaries definition-first instead of expanding the target members","status":"passed","title":"keeps direct alias boundaries definition-first instead of expanding the target members","duration":6.20691799999986,"failureMessages":[],"meta":{}},{"ancestorTitles":["Reference component"],"fullName":"Reference component loads a local interface from the reference-unit source tree","status":"passed","title":"loads a local interface from the reference-unit source tree","duration":6.993854999999712,"failureMessages":[],"meta":{}}],"startTime":1777310251464,"endTime":1777310252365.994,"status":"passed","message":"","name":"/Users/ryn/Developer/reference-ui/packages/reference-unit/tests/reference/component.test.tsx"},{"assertionResults":[{"ancestorTitles":["reference output"],"fullName":"reference output emits Tasty artifacts under .reference-ui/types/tasty","status":"passed","title":"emits Tasty artifacts under .reference-ui/types/tasty","duration":1.0564390000000117,"failureMessages":[],"meta":{}},{"ancestorTitles":["reference output"],"fullName":"reference output loads known symbols from the reference-unit source fixture","status":"passed","title":"loads known symbols from the reference-unit source fixture","duration":115.44449800000001,"failureMessages":[],"meta":{}},{"ancestorTitles":["reference output"],"fullName":"reference output indexes public React StyleProps alongside local fixture symbols","status":"passed","title":"indexes public React StyleProps alongside local fixture symbols","duration":458.54059799999993,"failureMessages":[],"meta":{}},{"ancestorTitles":["reference output"],"fullName":"reference output projects display members for composed type aliases in generated reference artifacts","status":"passed","title":"projects display members for composed type aliases in generated reference artifacts","duration":18.363927000000103,"failureMessages":[],"meta":{}},{"ancestorTitles":["reference output"],"fullName":"reference output flattens inherited display members when an interface extends a type alias","status":"passed","title":"flattens inherited display members when an interface extends a type alias","duration":16.427059999999983,"failureMessages":[],"meta":{}},{"ancestorTitles":["reference output"],"fullName":"reference output still projects direct alias targets in the raw Tasty API","status":"passed","title":"still projects direct alias targets in the raw Tasty API","duration":14.101022999999941,"failureMessages":[],"meta":{}}],"startTime":1777310250334,"endTime":1777310250958.101,"status":"passed","message":"","name":"/Users/ryn/Developer/reference-ui/packages/reference-unit/tests/reference/output.test.ts"},{"assertionResults":[{"ancestorTitles":["@reference-ui/types package"],"fullName":"@reference-ui/types package creates the generated package with a runtime entry plus manifest subpath exports","status":"passed","title":"creates the generated package with a runtime entry plus manifest subpath exports","duration":2.346933999999976,"failureMessages":[],"meta":{}},{"ancestorTitles":["@reference-ui/types package"],"fullName":"@reference-ui/types package symlinks node_modules/@reference-ui/types to the generated package","status":"passed","title":"symlinks node_modules/@reference-ui/types to the generated package","duration":0.7189950000000067,"failureMessages":[],"meta":{}},{"ancestorTitles":["@reference-ui/types package"],"fullName":"@reference-ui/types package resolves as a package, exports Reference, and still exposes manifest metadata","status":"passed","title":"resolves as a package, exports Reference, and still exposes manifest metadata","duration":947.9288040000001,"failureMessages":[],"meta":{}}],"startTime":1777310250334,"endTime":1777310251285.9287,"status":"passed","message":"","name":"/Users/ryn/Developer/reference-ui/packages/reference-unit/tests/reference/types-package.test.ts"},{"assertionResults":[{"ancestorTitles":["session – manifest shape after ref sync (one-shot)"],"fullName":"session – manifest shape after ref sync (one-shot) session.json exists inside .reference-ui/tmp","status":"passed","title":"session.json exists inside .reference-ui/tmp","duration":1.043596999999977,"failureMessages":[],"meta":{}},{"ancestorTitles":["session – manifest shape after ref sync (one-shot)"],"fullName":"session – manifest shape after ref sync (one-shot) session.json is valid JSON","status":"passed","title":"session.json is valid JSON","duration":0.5008199999999761,"failureMessages":[],"meta":{}},{"ancestorTitles":["session – manifest shape after ref sync (one-shot)"],"fullName":"session – manifest shape after ref sync (one-shot) session.json has all required fields","status":"passed","title":"session.json has all required fields","duration":0.49112800000000334,"failureMessages":[],"meta":{}},{"ancestorTitles":["session – manifest shape after ref sync (one-shot)"],"fullName":"session – manifest shape after ref sync (one-shot) pid is a positive integer","status":"passed","title":"pid is a positive integer","duration":0.35170599999997876,"failureMessages":[],"meta":{}},{"ancestorTitles":["session – manifest shape after ref sync (one-shot)"],"fullName":"session – manifest shape after ref sync (one-shot) mode is one-shot for a non-watch sync run","status":"passed","title":"mode is one-shot for a non-watch sync run","duration":0.21253899999999248,"failureMessages":[],"meta":{}},{"ancestorTitles":["session – manifest shape after ref sync (one-shot)"],"fullName":"session – manifest shape after ref sync (one-shot) state is stopped after a completed one-shot sync","status":"passed","title":"state is stopped after a completed one-shot sync","duration":0.16695500000002994,"failureMessages":[],"meta":{}},{"ancestorTitles":["session – manifest shape after ref sync (one-shot)"],"fullName":"session – manifest shape after ref sync (one-shot) buildState is ready after a completed one-shot sync","status":"passed","title":"buildState is ready after a completed one-shot sync","duration":0.1748630000000162,"failureMessages":[],"meta":{}},{"ancestorTitles":["session – manifest shape after ref sync (one-shot)"],"fullName":"session – manifest shape after ref sync (one-shot) startedAt and updatedAt are ISO 8601 strings","status":"passed","title":"startedAt and updatedAt are ISO 8601 strings","duration":0.33689099999998007,"failureMessages":[],"meta":{}},{"ancestorTitles":["session – manifest shape after ref sync (one-shot)"],"fullName":"session – manifest shape after ref sync (one-shot) updatedAt is at or after startedAt","status":"passed","title":"updatedAt is at or after startedAt","duration":0.21416200000004437,"failureMessages":[],"meta":{}},{"ancestorTitles":["session – lock file after ref sync (one-shot)"],"fullName":"session – lock file after ref sync (one-shot) session.lock is removed after a completed one-shot sync","status":"passed","title":"session.lock is removed after a completed one-shot sync","duration":0.17081300000000965,"failureMessages":[],"meta":{}}],"startTime":1777310250268,"endTime":1777310250272.171,"status":"passed","message":"","name":"/Users/ryn/Developer/reference-ui/packages/reference-unit/tests/session/session-manifest.test.ts"},{"assertionResults":[{"ancestorTitles":["token fragment sync – static output assertions"],"fullName":"token fragment sync – static output assertions ref sync generates panda.config.ts","status":"passed","title":"ref sync generates panda.config.ts","duration":1.0659370000000195,"failureMessages":[],"meta":{}},{"ancestorTitles":["token fragment sync – static output assertions"],"fullName":"token fragment sync – static output assertions panda.config.ts includes fixture token color values from extends:baseSystem","status":"passed","title":"panda.config.ts includes fixture token color values from extends:baseSystem","duration":3.822291000000007,"failureMessages":[],"meta":{}},{"ancestorTitles":["token fragment sync – static output assertions"],"fullName":"token fragment sync – static output assertions baseSystem.mjs is generated and exports the reference-unit layer","status":"passed","title":"baseSystem.mjs is generated and exports the reference-unit layer","duration":4.021841999999992,"failureMessages":[],"meta":{}},{"ancestorTitles":["token fragment sync – static output assertions"],"fullName":"token fragment sync – static output assertions panda.config.ts does not contain fragment tokens from a non-existent token file","status":"passed","title":"panda.config.ts does not contain fragment tokens from a non-existent token file","duration":4.114912000000004,"failureMessages":[],"meta":{}}],"startTime":1777310250268,"endTime":1777310250281.115,"status":"passed","message":"","name":"/Users/ryn/Developer/reference-ui/packages/reference-unit/tests/tokens/fragment-sync.test.ts"},{"assertionResults":[{"ancestorTitles":["combined custom props output (e2e)"],"fullName":"combined custom props output (e2e) copies the source-backed combined custom props fixture into virtual output","status":"passed","title":"copies the source-backed combined custom props fixture into virtual output","duration":1.5452549999999974,"failureMessages":[],"meta":{}},{"ancestorTitles":["combined custom props output (e2e)"],"fullName":"combined custom props output (e2e) keeps primitive jsx names in the generated pattern extension bundle","status":"passed","title":"keeps primitive jsx names in the generated pattern extension bundle","duration":0.5384019999999623,"failureMessages":[],"meta":{}},{"ancestorTitles":["combined custom props output (e2e)"],"fullName":"combined custom props output (e2e) extracts combined custom props from source-backed primitive usage","status":"passed","title":"extracts combined custom props from source-backed primitive usage","duration":0.297600999999986,"failureMessages":[],"meta":{}}],"startTime":1777310250279,"endTime":1777310250281.5383,"status":"passed","message":"","name":"/Users/ryn/Developer/reference-ui/packages/reference-unit/tests/system/combinedCustomProps-output.test.ts"},{"assertionResults":[{"ancestorTitles":["anonymous container output (e2e)"],"fullName":"anonymous container output (e2e) copies the source-backed anonymous container fixture into virtual output","status":"passed","title":"copies the source-backed anonymous container fixture into virtual output","duration":1.8836709999999925,"failureMessages":[],"meta":{}},{"ancestorTitles":["anonymous container output (e2e)"],"fullName":"anonymous container output (e2e) extracts anonymous container query styles from source-backed primitive usage","status":"passed","title":"extracts anonymous container query styles from source-backed primitive usage","duration":0.5038450000000125,"failureMessages":[],"meta":{}}],"startTime":1777310250758,"endTime":1777310250760.504,"status":"passed","message":"","name":"/Users/ryn/Developer/reference-ui/packages/reference-unit/tests/system/containerAnonymous-output.test.ts"},{"assertionResults":[{"ancestorTitles":["named container output (e2e)"],"fullName":"named container output (e2e) copies the source-backed named container fixture into virtual output","status":"passed","title":"copies the source-backed named container fixture into virtual output","duration":1.482073000000014,"failureMessages":[],"meta":{}},{"ancestorTitles":["named container output (e2e)"],"fullName":"named container output (e2e) extracts named container query styles from source-backed primitive usage","status":"passed","title":"extracts named container query styles from source-backed primitive usage","duration":0.45335799999998017,"failureMessages":[],"meta":{}}],"startTime":1777310250279,"endTime":1777310250281.4534,"status":"passed","message":"","name":"/Users/ryn/Developer/reference-ui/packages/reference-unit/tests/system/containerNamed-output.test.ts"},{"assertionResults":[{"ancestorTitles":["named nested container output"],"fullName":"named nested container output copies the nested named container fixture into virtual output","status":"passed","title":"copies the nested named container fixture into virtual output","duration":1.5795679999999948,"failureMessages":[],"meta":{}},{"ancestorTitles":["named nested container output"],"fullName":"named nested container output emits @container sidebar (min-width: …) for named query across ancestors","status":"passed","title":"emits @container sidebar (min-width: …) for named query across ancestors","duration":0.49557800000002317,"failureMessages":[],"meta":{}},{"ancestorTitles":["named nested container output"],"fullName":"named nested container output does not use anonymous @container for this fixture’s breakpoint key alone","status":"passed","title":"does not use anonymous @container for this fixture’s breakpoint key alone","duration":0.4038180000000011,"failureMessages":[],"meta":{}}],"startTime":1777310250279,"endTime":1777310250282.4038,"status":"passed","message":"","name":"/Users/ryn/Developer/reference-ui/packages/reference-unit/tests/system/containerNamedNested-output.test.ts"},{"assertionResults":[{"ancestorTitles":["nested container + multi-breakpoint r output (e2e)"],"fullName":"nested container + multi-breakpoint r output (e2e) copies the nested container fixture into virtual output","status":"passed","title":"copies the nested container fixture into virtual output","duration":2.1351940000000127,"failureMessages":[],"meta":{}},{"ancestorTitles":["nested container + multi-breakpoint r output (e2e)"],"fullName":"nested container + multi-breakpoint r output (e2e) emits multiple anonymous @container rules for inner r breakpoints","status":"passed","title":"emits multiple anonymous @container rules for inner r breakpoints","duration":0.3277830000000108,"failureMessages":[],"meta":{}}],"startTime":1777310250757,"endTime":1777310250760.328,"status":"passed","message":"","name":"/Users/ryn/Developer/reference-ui/packages/reference-unit/tests/system/containerNested-output.test.ts"},{"assertionResults":[{"ancestorTitles":["font prop output (e2e)"],"fullName":"font prop output (e2e) copies the source-backed font prop fixture into virtual output","status":"passed","title":"copies the source-backed font prop fixture into virtual output","duration":1.6015240000000404,"failureMessages":[],"meta":{}},{"ancestorTitles":["font prop output (e2e)"],"fullName":"font prop output (e2e) extracts font custom props from source-backed primitive usage","status":"passed","title":"extracts font custom props from source-backed primitive usage","duration":0.3385009999999511,"failureMessages":[],"meta":{}},{"ancestorTitles":["font prop output (e2e)"],"fullName":"font prop output (e2e) emits generated system font registry types","status":"passed","title":"emits generated system font registry types","duration":1.409716000000003,"failureMessages":[],"meta":{}}],"startTime":1777310250279,"endTime":1777310250282.4097,"status":"passed","message":"","name":"/Users/ryn/Developer/reference-ui/packages/reference-unit/tests/system/fontProp-output.test.ts"},{"assertionResults":[{"ancestorTitles":["font subsystem"],"fullName":"font subsystem injects generated font config fragments into panda.config.ts","status":"passed","title":"injects generated font config fragments into panda.config.ts","duration":5.2206129999999575,"failureMessages":[],"meta":{}},{"ancestorTitles":["font subsystem"],"fullName":"font subsystem emits @font-face rules in generated CSS","status":"passed","title":"emits @font-face rules in generated CSS","duration":0.5146180000000413,"failureMessages":[],"meta":{}}],"startTime":1777310250775,"endTime":1777310250780.5146,"status":"passed","message":"","name":"/Users/ryn/Developer/reference-ui/packages/reference-unit/tests/system/fontSystem.test.tsx"},{"assertionResults":[{"ancestorTitles":["globalCss() API"],"fullName":"globalCss() API emits :root with --ref-unit-test-var in design system CSS","status":"passed","title":"emits :root with --ref-unit-test-var in design system CSS","duration":0.5689200000000483,"failureMessages":[],"meta":{}}],"startTime":1777310250847,"endTime":1777310250847.5688,"status":"passed","message":"","name":"/Users/ryn/Developer/reference-ui/packages/reference-unit/tests/system/globalCss.test.tsx"},{"assertionResults":[{"ancestorTitles":["keyframes() API"],"fullName":"keyframes() API emits @keyframes fadeIn in design system CSS","status":"passed","title":"emits @keyframes fadeIn in design system CSS","duration":0.966329000000087,"failureMessages":[],"meta":{}},{"ancestorTitles":["keyframes() API"],"fullName":"keyframes() API mounts a Div with animation and renders","status":"passed","title":"mounts a Div with animation and renders","duration":11.080001999999922,"failureMessages":[],"meta":{}}],"startTime":1777310251164,"endTime":1777310251176.08,"status":"passed","message":"","name":"/Users/ryn/Developer/reference-ui/packages/reference-unit/tests/system/keyframes.test.tsx"},{"assertionResults":[{"ancestorTitles":["rhythmUtilities border radius transforms"],"fullName":"rhythmUtilities border radius transforms single-property utilities map 2r to calc(2 * var(--spacing-root)) on that property","status":"passed","title":"single-property utilities map 2r to calc(2 * var(--spacing-root)) on that property","duration":2.1741969999999924,"failureMessages":[],"meta":{}},{"ancestorTitles":["rhythmUtilities border radius transforms"],"fullName":"rhythmUtilities border radius transforms pair shorthands set both corners to the same resolved rhythm value","status":"passed","title":"pair shorthands set both corners to the same resolved rhythm value","duration":0.4836639999999761,"failureMessages":[],"meta":{}},{"ancestorTitles":["rhythmUtilities border radius transforms"],"fullName":"rhythmUtilities border radius transforms passes through literal CSS values and resolves radii tokens","status":"passed","title":"passes through literal CSS values and resolves radii tokens","duration":0.20560499999999138,"failureMessages":[],"meta":{}},{"ancestorTitles":["rhythmUtilities border radius transforms"],"fullName":"rhythmUtilities border radius transforms 1r resolves to var(--spacing-root)","status":"passed","title":"1r resolves to var(--spacing-root)","duration":0.13898900000003778,"failureMessages":[],"meta":{}}],"startTime":1777310250323,"endTime":1777310250326.4836,"status":"passed","message":"","name":"/Users/ryn/Developer/reference-ui/packages/reference-unit/tests/system/rhythm-border-radius-transforms.test.ts"},{"assertionResults":[{"ancestorTitles":["rhythm border radius (design system CSS)"],"fullName":"rhythm border radius (design system CSS) borderRadius=\"2r\" emits the rhythm border radius class and calc rule","status":"passed","title":"borderRadius=\"2r\" emits the rhythm border radius class and calc rule","duration":12.441417000000001,"failureMessages":[],"meta":{}},{"ancestorTitles":["rhythm border radius (design system CSS)"],"fullName":"rhythm border radius (design system CSS) borderRadius=\"12px\" still works as a normal literal radius prop","status":"passed","title":"borderRadius=\"12px\" still works as a normal literal radius prop","duration":8.90913999999998,"failureMessages":[],"meta":{}},{"ancestorTitles":["rhythm border radius (design system CSS)"],"fullName":"rhythm border radius (design system CSS) borderRadius=\"lg\" resolves through the radii token pipeline","status":"passed","title":"borderRadius=\"lg\" resolves through the radii token pipeline","duration":0.9205429999999524,"failureMessages":[],"meta":{}},{"ancestorTitles":["rhythm border radius (design system CSS)"],"fullName":"rhythm border radius (design system CSS) borderTopRadius=\"2r\" emits both top corner declarations","status":"passed","title":"borderTopRadius=\"2r\" emits both top corner declarations","duration":0.8223370000000614,"failureMessages":[],"meta":{}},{"ancestorTitles":["rhythm border radius (design system CSS)"],"fullName":"rhythm border radius (design system CSS) borderBottomRadius=\"2r\" emits both bottom corner declarations","status":"passed","title":"borderBottomRadius=\"2r\" emits both bottom corner declarations","duration":0.7621409999999287,"failureMessages":[],"meta":{}},{"ancestorTitles":["rhythm border radius (design system CSS)"],"fullName":"rhythm border radius (design system CSS) borderLeftRadius=\"2r\" emits both left corner declarations","status":"passed","title":"borderLeftRadius=\"2r\" emits both left corner declarations","duration":0.6158430000000408,"failureMessages":[],"meta":{}},{"ancestorTitles":["rhythm border radius (design system CSS)"],"fullName":"rhythm border radius (design system CSS) borderRightRadius=\"2r\" emits both right corner declarations","status":"passed","title":"borderRightRadius=\"2r\" emits both right corner declarations","duration":0.9980999999997948,"failureMessages":[],"meta":{}},{"ancestorTitles":["rhythm border radius (design system CSS)"],"fullName":"rhythm border radius (design system CSS) borderStartRadius and borderEndRadius emit both logical corner declarations","status":"passed","title":"borderStartRadius and borderEndRadius emit both logical corner declarations","duration":1.25449599999979,"failureMessages":[],"meta":{}}],"startTime":1777310251179,"endTime":1777310251205.2544,"status":"passed","message":"","name":"/Users/ryn/Developer/reference-ui/packages/reference-unit/tests/system/rhythm-border-radius.test.tsx"},{"assertionResults":[{"ancestorTitles":["rhythmUtilities size transform"],"fullName":"rhythmUtilities size transform maps rhythm units to equal width and height values","status":"passed","title":"maps rhythm units to equal width and height values","duration":1.3301069999999982,"failureMessages":[],"meta":{}},{"ancestorTitles":["rhythmUtilities size transform"],"fullName":"rhythmUtilities size transform passes through literal CSS values for width and height","status":"passed","title":"passes through literal CSS values for width and height","duration":0.22158800000005385,"failureMessages":[],"meta":{}}],"startTime":1777310250804,"endTime":1777310250805.33,"status":"passed","message":"","name":"/Users/ryn/Developer/reference-ui/packages/reference-unit/tests/system/rhythm-size-transforms.test.ts"},{"assertionResults":[{"ancestorTitles":["rhythm spacing utilities"],"fullName":"rhythm spacing utilities mounts a Div with padding=\"2r\" and renders","status":"passed","title":"mounts a Div with padding=\"2r\" and renders","duration":10.542326000000003,"failureMessages":[],"meta":{}},{"ancestorTitles":["rhythm spacing utilities"],"fullName":"rhythm spacing utilities mounts multi-value rhythm shorthands and preserves mixed CSS atoms","status":"passed","title":"mounts multi-value rhythm shorthands and preserves mixed CSS atoms","duration":1.3145110000000386,"failureMessages":[],"meta":{}},{"ancestorTitles":["rhythm spacing utilities"],"fullName":"rhythm spacing utilities applies rhythm padding when design system CSS is present","status":"passed","title":"applies rhythm padding when design system CSS is present","duration":7.832703000000038,"failureMessages":[],"meta":{}},{"ancestorTitles":["rhythm spacing utilities"],"fullName":"rhythm spacing utilities applies multi-value rhythm shorthands when design system CSS is present","status":"passed","title":"applies multi-value rhythm shorthands when design system CSS is present","duration":1.565221000000065,"failureMessages":[],"meta":{}}],"startTime":1777310251164,"endTime":1777310251185.5652,"status":"passed","message":"","name":"/Users/ryn/Developer/reference-ui/packages/reference-unit/tests/system/rhythm.test.tsx"},{"assertionResults":[{"ancestorTitles":["size output (e2e)"],"fullName":"size output (e2e) emits size on the generated box pattern type surface","status":"passed","title":"emits size on the generated box pattern type surface","duration":1.2243369999999913,"failureMessages":[],"meta":{}},{"ancestorTitles":["size output (e2e)"],"fullName":"size output (e2e) emits size on the generated style-props utility surface","status":"passed","title":"emits size on the generated style-props utility surface","duration":2.093116000000009,"failureMessages":[],"meta":{}}],"startTime":1777310250279,"endTime":1777310250282.093,"status":"passed","message":"","name":"/Users/ryn/Developer/reference-ui/packages/reference-unit/tests/system/size-output.test.ts"},{"assertionResults":[{"ancestorTitles":["size utility surface"],"fullName":"size utility surface css({ size }) emits the generated size utility class","status":"passed","title":"css({ size }) emits the generated size utility class","duration":9.718282000000045,"failureMessages":[],"meta":{}},{"ancestorTitles":["size utility surface"],"fullName":"size utility surface css({ size }) applies equal width and height when CSS is present","status":"passed","title":"css({ size }) applies equal width and height when CSS is present","duration":5.83338300000014,"failureMessages":[],"meta":{}}],"startTime":1777310251164,"endTime":1777310251179.8335,"status":"passed","message":"","name":"/Users/ryn/Developer/reference-ui/packages/reference-unit/tests/system/size.test.tsx"},{"assertionResults":[{"ancestorTitles":["user-space tokens (referenceUnitToken)"],"fullName":"user-space tokens (referenceUnitToken) mounts a Div with bg set to referenceUnitToken and renders","status":"passed","title":"mounts a Div with bg set to referenceUnitToken and renders","duration":13.040101999999933,"failureMessages":[],"meta":{}},{"ancestorTitles":["user-space tokens (referenceUnitToken)"],"fullName":"user-space tokens (referenceUnitToken) applies referenceUnitToken as background when design system CSS is present","status":"passed","title":"applies referenceUnitToken as background when design system CSS is present","duration":6.564726999999948,"failureMessages":[],"meta":{}},{"ancestorTitles":["user-space tokens (referenceUnitToken)"],"fullName":"user-space tokens (referenceUnitToken) emits color-mode token CSS for the normal reference-unit system","status":"passed","title":"emits color-mode token CSS for the normal reference-unit system","duration":0.7211869999998726,"failureMessages":[],"meta":{}},{"ancestorTitles":["user-space tokens (referenceUnitToken)"],"fullName":"user-space tokens (referenceUnitToken) applies the dark-mode token value inside a dark panda theme scope","status":"passed","title":"applies the dark-mode token value inside a dark panda theme scope","duration":3.3374579999999696,"failureMessages":[],"meta":{}}],"startTime":1777310251179,"endTime":1777310251202.3374,"status":"passed","message":"","name":"/Users/ryn/Developer/reference-ui/packages/reference-unit/tests/system/tokens.test.tsx"},{"assertionResults":[{"ancestorTitles":["generated @reference-ui/react (design-system types)","BaseSystem"],"fullName":"generated @reference-ui/react (design-system types) BaseSystem BaseSystem","status":"passed","title":"BaseSystem","duration":1.014304999999979,"failureMessages":[],"meta":{}},{"ancestorTitles":["generated @reference-ui/react (design-system types)","css"],"fullName":"generated @reference-ui/react (design-system types) css CssFunction","status":"passed","title":"CssFunction","duration":0.12756100000001425,"failureMessages":[],"meta":{}},{"ancestorTitles":["generated @reference-ui/react (design-system types)","css"],"fullName":"generated @reference-ui/react (design-system types) css CssRawFunction","status":"passed","title":"CssRawFunction","duration":0.1553779999999847,"failureMessages":[],"meta":{}},{"ancestorTitles":["generated @reference-ui/react (design-system types)","css"],"fullName":"generated @reference-ui/react (design-system types) css CssStyles","status":"passed","title":"CssStyles","duration":0.15393199999999752,"failureMessages":[],"meta":{}},{"ancestorTitles":["generated @reference-ui/react (design-system types)","colors"],"fullName":"generated @reference-ui/react (design-system types) colors ColorPropKeys","status":"passed","title":"ColorPropKeys","duration":0.08723299999996925,"failureMessages":[],"meta":{}},{"ancestorTitles":["generated @reference-ui/react (design-system types)","colors"],"fullName":"generated @reference-ui/react (design-system types) colors SystemStyleObject","status":"passed","title":"SystemStyleObject","duration":0.04205699999999979,"failureMessages":[],"meta":{}},{"ancestorTitles":["generated @reference-ui/react (design-system types)","props (theme + style)"],"fullName":"generated @reference-ui/react (design-system types) props (theme + style) ColorModeProps","status":"passed","title":"ColorModeProps","duration":0.040614000000005035,"failureMessages":[],"meta":{}},{"ancestorTitles":["generated @reference-ui/react (design-system types)","props (theme + style)"],"fullName":"generated @reference-ui/react (design-system types) props (theme + style) ContainerProps","status":"passed","title":"ContainerProps","duration":0.04645700000003217,"failureMessages":[],"meta":{}},{"ancestorTitles":["generated @reference-ui/react (design-system types)","props (theme + style)"],"fullName":"generated @reference-ui/react (design-system types) props (theme + style) ResponsiveProps","status":"passed","title":"ResponsiveProps","duration":0.04290000000003147,"failureMessages":[],"meta":{}},{"ancestorTitles":["generated @reference-ui/react (design-system types)","props (theme + style)"],"fullName":"generated @reference-ui/react (design-system types) props (theme + style) FontProps","status":"passed","title":"FontProps","duration":0.04628200000001925,"failureMessages":[],"meta":{}},{"ancestorTitles":["generated @reference-ui/react (design-system types)","props (theme + style)"],"fullName":"generated @reference-ui/react (design-system types) props (theme + style) StyleProps","status":"passed","title":"StyleProps","duration":0.027165999999965607,"failureMessages":[],"meta":{}},{"ancestorTitles":["generated @reference-ui/react (design-system types)","props (theme + style)"],"fullName":"generated @reference-ui/react (design-system types) props (theme + style) StyleProps includes size","status":"passed","title":"StyleProps includes size","duration":0.026456999999993513,"failureMessages":[],"meta":{}},{"ancestorTitles":["generated @reference-ui/react (design-system types)","props (theme + style)"],"fullName":"generated @reference-ui/react (design-system types) props (theme + style) StylePropValue<string>","status":"passed","title":"StylePropValue<string>","duration":0.020440000000007785,"failureMessages":[],"meta":{}},{"ancestorTitles":["generated @reference-ui/react (design-system types)","primitives"],"fullName":"generated @reference-ui/react (design-system types) primitives PrimitiveCssProps","status":"passed","title":"PrimitiveCssProps","duration":0.020933999999954267,"failureMessages":[],"meta":{}},{"ancestorTitles":["generated @reference-ui/react (design-system types)","primitives"],"fullName":"generated @reference-ui/react (design-system types) primitives PrimitiveTag","status":"passed","title":"PrimitiveTag","duration":0.021602999999970507,"failureMessages":[],"meta":{}},{"ancestorTitles":["generated @reference-ui/react (design-system types)","primitives"],"fullName":"generated @reference-ui/react (design-system types) primitives PrimitiveProps<'div'>","status":"passed","title":"PrimitiveProps<'div'>","duration":0.018745999999964624,"failureMessages":[],"meta":{}},{"ancestorTitles":["generated @reference-ui/react (design-system types)","primitives"],"fullName":"generated @reference-ui/react (design-system types) primitives PrimitiveElement<'div'>","status":"passed","title":"PrimitiveElement<'div'>","duration":0.019956999999976688,"failureMessages":[],"meta":{}},{"ancestorTitles":["generated @reference-ui/react (design-system types)","primitives"],"fullName":"generated @reference-ui/react (design-system types) primitives PrimitiveComponent<'div'>","status":"passed","title":"PrimitiveComponent<'div'>","duration":0.018081999999992604,"failureMessages":[],"meta":{}},{"ancestorTitles":["generated @reference-ui/react (design-system types)","primitives"],"fullName":"generated @reference-ui/react (design-system types) primitives HTMLStyledProps<'div'>","status":"passed","title":"HTMLStyledProps<'div'>","duration":0.017558000000008178,"failureMessages":[],"meta":{}},{"ancestorTitles":["generated @reference-ui/react (design-system types)","recipe (re-exported from styled)"],"fullName":"generated @reference-ui/react (design-system types) recipe (re-exported from styled) RecipeCreatorFn","status":"passed","title":"RecipeCreatorFn","duration":0.018457000000012158,"failureMessages":[],"meta":{}},{"ancestorTitles":["generated @reference-ui/react (design-system types)","recipe (re-exported from styled)"],"fullName":"generated @reference-ui/react (design-system types) recipe (re-exported from styled) RecipeDefinition","status":"passed","title":"RecipeDefinition","duration":0.019030999999984033,"failureMessages":[],"meta":{}},{"ancestorTitles":["generated @reference-ui/react (design-system types)","recipe (re-exported from styled)"],"fullName":"generated @reference-ui/react (design-system types) recipe (re-exported from styled) RecipeRuntimeFn<SmokeRecipeVariants>","status":"passed","title":"RecipeRuntimeFn<SmokeRecipeVariants>","duration":0.017493000000001757,"failureMessages":[],"meta":{}},{"ancestorTitles":["generated @reference-ui/react (design-system types)","recipe (re-exported from styled)"],"fullName":"generated @reference-ui/react (design-system types) recipe (re-exported from styled) RecipeSelection<SmokeRecipeVariants>","status":"passed","title":"RecipeSelection<SmokeRecipeVariants>","duration":0.01738599999998769,"failureMessages":[],"meta":{}},{"ancestorTitles":["generated @reference-ui/react (design-system types)","recipe (re-exported from styled)"],"fullName":"generated @reference-ui/react (design-system types) recipe (re-exported from styled) RecipeVariant<SmokeRecipeFn>","status":"passed","title":"RecipeVariant<SmokeRecipeFn>","duration":0.028333000000031916,"failureMessages":[],"meta":{}},{"ancestorTitles":["generated @reference-ui/react (design-system types)","recipe (re-exported from styled)"],"fullName":"generated @reference-ui/react (design-system types) recipe (re-exported from styled) RecipeVariantProps<SmokeRecipeFn>","status":"passed","title":"RecipeVariantProps<SmokeRecipeFn>","duration":0.022478999999975713,"failureMessages":[],"meta":{}},{"ancestorTitles":["generated @reference-ui/react (design-system types)","font registry"],"fullName":"generated @reference-ui/react (design-system types) font registry FontRegistry","status":"passed","title":"FontRegistry","duration":0.020822000000009666,"failureMessages":[],"meta":{}},{"ancestorTitles":["generated @reference-ui/react (design-system types)","font registry"],"fullName":"generated @reference-ui/react (design-system types) font registry FontName","status":"passed","title":"FontName","duration":0.019780000000025666,"failureMessages":[],"meta":{}},{"ancestorTitles":["generated @reference-ui/react (design-system types)","font registry"],"fullName":"generated @reference-ui/react (design-system types) font registry FontWeightName<FontName>","status":"passed","title":"FontWeightName<FontName>","duration":0.016418999999984862,"failureMessages":[],"meta":{}}],"startTime":1777310250757,"endTime":1777310250760.0464,"status":"passed","message":"","name":"/Users/ryn/Developer/reference-ui/packages/reference-unit/tests/types/core-types-smoke.test.ts"},{"assertionResults":[{"ancestorTitles":["strict color props (TypeScript)"],"fullName":"strict color props (TypeScript) exports user-token fixture for compile-time checking","status":"passed","title":"exports user-token fixture for compile-time checking","duration":0.49969799999996667,"failureMessages":[],"meta":{}}],"startTime":1777310250972,"endTime":1777310250972.4998,"status":"passed","message":"","name":"/Users/ryn/Developer/reference-ui/packages/reference-unit/tests/types/strict-color-tokens.test.ts"},{"assertionResults":[{"ancestorTitles":["virtual – baseline"],"fullName":"virtual – baseline creates .reference-ui/virtual with files matching include","status":"passed","title":"creates .reference-ui/virtual with files matching include","duration":2.436869999999999,"failureMessages":[],"meta":{}},{"ancestorTitles":["virtual – baseline"],"fullName":"virtual – baseline mirrors the current reference browser component files","status":"passed","title":"mirrors the current reference browser component files","duration":13.711742000000015,"failureMessages":[],"meta":{}},{"ancestorTitles":["virtual – baseline"],"fullName":"virtual – baseline excludes node_modules and .reference-ui from virtual copy","status":"passed","title":"excludes node_modules and .reference-ui from virtual copy","duration":0.23808500000001231,"failureMessages":[],"meta":{}},{"ancestorTitles":["virtual – baseline"],"fullName":"virtual – baseline does not copy files outside include patterns","status":"passed","title":"does not copy files outside include patterns","duration":0.17483399999997573,"failureMessages":[],"meta":{}}],"startTime":1777310250279,"endTime":1777310250295.238,"status":"passed","message":"","name":"/Users/ryn/Developer/reference-ui/packages/reference-unit/tests/virtual/baseline.test.ts"},{"assertionResults":[{"ancestorTitles":["virtual – mirror invariant"],"fullName":"virtual – mirror invariant virtual has no orphan files (every virtual file has a source counterpart)","status":"passed","title":"virtual has no orphan files (every virtual file has a source counterpart)","duration":30.01532199999997,"failureMessages":[],"meta":{}},{"ancestorTitles":["virtual – mirror invariant"],"fullName":"virtual – mirror invariant virtual has all source files (no missing)","status":"passed","title":"virtual has all source files (no missing)","duration":6.618779000000018,"failureMessages":[],"meta":{}}],"startTime":1777310250279,"endTime":1777310250315.619,"status":"passed","message":"","name":"/Users/ryn/Developer/reference-ui/packages/reference-unit/tests/virtual/mirror.test.ts"},{"assertionResults":[{"ancestorTitles":["virtual – transforms (e2e)"],"fullName":"virtual – transforms (e2e) rewrites css import to styled-system path (src/virtual/css.tsx)","status":"failed","title":"rewrites css import to styled-system path (src/virtual/css.tsx)","duration":6.0900870000000396,"failureMessages":["AssertionError: expected 'import { css } from \\'src/system/runt…' to contain 'from \\'src/system/css\\''\n    at /Users/ryn/Developer/reference-ui/packages/reference-unit/tests/virtual/transform.test.ts:26:15\n    at file:///Users/ryn/Developer/reference-ui/node_modules/.pnpm/@vitest+runner@4.0.18/node_modules/@vitest/runner/dist/index.js:145:11\n    at file:///Users/ryn/Developer/reference-ui/node_modules/.pnpm/@vitest+runner@4.0.18/node_modules/@vitest/runner/dist/index.js:915:26\n    at file:///Users/ryn/Developer/reference-ui/node_modules/.pnpm/@vitest+runner@4.0.18/node_modules/@vitest/runner/dist/index.js:1243:20\n    at new Promise (<anonymous>)\n    at runWithTimeout (file:///Users/ryn/Developer/reference-ui/node_modules/.pnpm/@vitest+runner@4.0.18/node_modules/@vitest/runner/dist/index.js:1209:10)\n    at file:///Users/ryn/Developer/reference-ui/node_modules/.pnpm/@vitest+runner@4.0.18/node_modules/@vitest/runner/dist/index.js:1653:37\n    at Traces.$ (file:///Users/ryn/Developer/reference-ui/node_modules/.pnpm/vitest@4.0.18_@opentelemetry+api@1.9.1_@types+node@25.1.0_happy-dom@15.11.7_lightningcss@1.32.0_tsx@4.21.0_yaml@2.8.2/node_modules/vitest/dist/chunks/traces.CCmnQaNT.js:142:27)\n    at trace (file:///Users/ryn/Developer/reference-ui/node_modules/.pnpm/vitest@4.0.18_@opentelemetry+api@1.9.1_@types+node@25.1.0_happy-dom@15.11.7_lightningcss@1.32.0_tsx@4.21.0_yaml@2.8.2/node_modules/vitest/dist/chunks/test.B8ej_ZHS.js:239:21)\n    at runTest (file:///Users/ryn/Developer/reference-ui/node_modules/.pnpm/@vitest+runner@4.0.18/node_modules/@vitest/runner/dist/index.js:1653:12)"],"meta":{}},{"ancestorTitles":["virtual – transforms (e2e)"],"fullName":"virtual – transforms (e2e) rewrites recipe imports to cva from styled-system path (src/virtual/recipes.tsx)","status":"failed","title":"rewrites recipe imports to cva from styled-system path (src/virtual/recipes.tsx)","duration":2.7529349999999795,"failureMessages":["AssertionError: expected 'import { cva } from \\'src/system/runt…' to contain 'from \\'src/system/css\\''\n    at /Users/ryn/Developer/reference-ui/packages/reference-unit/tests/virtual/transform.test.ts:35:15\n    at file:///Users/ryn/Developer/reference-ui/node_modules/.pnpm/@vitest+runner@4.0.18/node_modules/@vitest/runner/dist/index.js:145:11\n    at file:///Users/ryn/Developer/reference-ui/node_modules/.pnpm/@vitest+runner@4.0.18/node_modules/@vitest/runner/dist/index.js:915:26\n    at file:///Users/ryn/Developer/reference-ui/node_modules/.pnpm/@vitest+runner@4.0.18/node_modules/@vitest/runner/dist/index.js:1243:20\n    at new Promise (<anonymous>)\n    at runWithTimeout (file:///Users/ryn/Developer/reference-ui/node_modules/.pnpm/@vitest+runner@4.0.18/node_modules/@vitest/runner/dist/index.js:1209:10)\n    at file:///Users/ryn/Developer/reference-ui/node_modules/.pnpm/@vitest+runner@4.0.18/node_modules/@vitest/runner/dist/index.js:1653:37\n    at Traces.$ (file:///Users/ryn/Developer/reference-ui/node_modules/.pnpm/vitest@4.0.18_@opentelemetry+api@1.9.1_@types+node@25.1.0_happy-dom@15.11.7_lightningcss@1.32.0_tsx@4.21.0_yaml@2.8.2/node_modules/vitest/dist/chunks/traces.CCmnQaNT.js:142:27)\n    at trace (file:///Users/ryn/Developer/reference-ui/node_modules/.pnpm/vitest@4.0.18_@opentelemetry+api@1.9.1_@types+node@25.1.0_happy-dom@15.11.7_lightningcss@1.32.0_tsx@4.21.0_yaml@2.8.2/node_modules/vitest/dist/chunks/test.B8ej_ZHS.js:239:21)\n    at runTest (file:///Users/ryn/Developer/reference-ui/node_modules/.pnpm/@vitest+runner@4.0.18/node_modules/@vitest/runner/dist/index.js:1653:12)"],"meta":{}},{"ancestorTitles":["virtual – transforms (e2e)"],"fullName":"virtual – transforms (e2e) transforms MDX to JSX (src/virtual/demo.mdx → demo.jsx in virtual)","status":"passed","title":"transforms MDX to JSX (src/virtual/demo.mdx → demo.jsx in virtual)","duration":0.9589659999999753,"failureMessages":[],"meta":{}}],"startTime":1777310250279,"endTime":1777310250288.959,"status":"failed","message":"","name":"/Users/ryn/Developer/reference-ui/packages/reference-unit/tests/virtual/transform.test.ts"}]}